......FEAROW..H.L..I...GOLD...
..ABRA..R.B..PORYGON...R......
....A.REAGAN..M.S..C.D.I......
....I...C.L...A.S.SODIUM......
....C...K.TUNGSTEN.L.T.EKANS..
.MACHAMP....O...S..N.T.R......
.E..U.C.KADABRA......O....G...
.W....K.....E.L.......G...E...
.T....I.THALLIUM..BULBASAUR...
.WARREN.Y.R.I.M.N.....D...M...
.O....L.L.T.U.I.E.HITMONCHAN..
.....SELENIUM.N.O.....L...N...
.M..B.Y.R.C...I.NEODYMIUM.I...
BARIUM...BUSH.M.......N.E.U...
.C..C.A.F.N....PROTACTINIUM..H
.H..HARRISON.S....E...U.T....A
.O..A.C.L...RADON.CHARMANDER.U
.P..N.A.L..B.N....H.....E.I..N
...MAGNEMITE.DRAGONITE..R.S..T
....N.I.O..R.S....E.E.PRIMEAPE
......N.R..Y.LICKITUNG..U.N..R
.A.W..E.E..L.A..A.I.T...M.H...
.D.E.......L.S..B.U.A.G...O...
JAMES.GROWLITHE.U.M.C.O...W.K.
.M.D..E.S..U....T..COOLIDGE.R.
.SILVER.M..MADISON..O.D...R.A.
...E..A.I.......P...L.U.....B.
....SULFUR...PINSIR...C.....B.
......D.M.............KENNEDY.